<?xml version="1.0" encoding="UTF-8"?>
<!-- Generated by org.testng.reporters.JUnitXMLReporter -->
<testsuite hostname="DESKTOP-81OO9KQ" ignored="6" name="Smoke Test" tests="3" failures="0" timestamp="2022-09-23T13:39:57 IST" time="0.096" errors="0">
  <testcase name="Test1" time="0.009" classname="GroupingPractice.TestCase1"/>
  <testcase name="Test4" time="0.002" classname="GroupingPractice.TestCase2"/>
  <testcase name="Test7" time="0.003" classname="GroupingPractice.TestCase3"/>
  <testcase name="Test2" time="0.0" classname="GroupingPractice.TestCase1">
    <ignored/>
  </testcase> <!-- Test2 -->
  <testcase name="Test3" time="0.0" classname="GroupingPractice.TestCase1">
    <ignored/>
  </testcase> <!-- Test3 -->
  <testcase name="Test5" time="0.0" classname="GroupingPractice.TestCase2">
    <ignored/>
  </testcase> <!-- Test5 -->
  <testcase name="Test6" time="0.0" classname="GroupingPractice.TestCase2">
    <ignored/>
  </testcase> <!-- Test6 -->
  <testcase name="Test8" time="0.0" classname="GroupingPractice.TestCase3">
    <ignored/>
  </testcase> <!-- Test8 -->
  <testcase name="Test9" time="0.0" classname="GroupingPractice.TestCase3">
    <ignored/>
  </testcase> <!-- Test9 -->
</testsuite> <!-- Smoke Test -->
