<?xml version="1.0" encoding="UTF-8"?>
<!-- Generated by org.testng.reporters.JUnitXMLReporter -->
<testsuite hostname="DESKTOP-81OO9KQ" ignored="0" name="Chrome Test" tests="5" failures="0" timestamp="2022-09-29T15:34:01 IST" time="23.293" errors="0">
  <testcase name="crossBrowserTesting" time="21.392" classname="ParameterizationCrossBrowserPractice.AllBrowsers"/>
  <testcase name="VerifyCurrentUrl" time="0.024" classname="ParameterizationCrossBrowserPractice.AllBrowsers"/>
  <testcase name="VerifyUserNameField" time="1.134" classname="ParameterizationCrossBrowserPractice.AllBrowsers"/>
  <testcase name="VerifyPasswordField" time="0.479" classname="ParameterizationCrossBrowserPractice.AllBrowsers"/>
  <testcase name="ClickLoginButton" time="0.126" classname="ParameterizationCrossBrowserPractice.AllBrowsers"/>
</testsuite> <!-- Chrome Test -->
