<?xml version="1.0" encoding="UTF-8"?>
<!-- Generated by org.testng.reporters.JUnitXMLReporter -->
<testsuite hostname="DESKTOP-81OO9KQ" ignored="0" name="FireFox Test" tests="5" failures="0" timestamp="2022-09-29T15:35:21 IST" time="78.808" errors="0">
  <testcase name="crossBrowserTesting" time="67.375" classname="ParameterizationCrossBrowserPractice.AllBrowsers"/>
  <testcase name="VerifyCurrentUrl" time="0.086" classname="ParameterizationCrossBrowserPractice.AllBrowsers"/>
  <testcase name="VerifyUserNameField" time="4.036" classname="ParameterizationCrossBrowserPractice.AllBrowsers"/>
  <testcase name="VerifyPasswordField" time="0.789" classname="ParameterizationCrossBrowserPractice.AllBrowsers"/>
  <testcase name="ClickLoginButton" time="6.492" classname="ParameterizationCrossBrowserPractice.AllBrowsers"/>
</testsuite> <!-- FireFox Test -->
